============================= test session starts ==============================
platform linux -- Python 3.14.4, pytest-9.0.2, pluggy-1.6.0 -- /usr/bin/python
cachedir: .pytest_cache
rootdir: /home/josh/workspace/rasputin-omnitool-skill
configfile: pyproject.toml
plugins: anyio-4.12.1, cov-7.1.0, asyncio-1.3.0
asyncio: mode=Mode.STRICT, debug=False, asyncio_default_fixture_loop_scope=None, asyncio_default_test_loop_scope=function
collecting ... collected 15 items

tests/test_sub_agent.py::TestInputValidation::test_empty_sub_goals_returns_invalid_input PASSED [  6%]
tests/test_sub_agent.py::TestInputValidation::test_non_list_sub_goals_returns_invalid_input PASSED [ 13%]
tests/test_sub_agent.py::TestInputValidation::test_empty_string_in_sub_goals_returns_invalid_input PASSED [ 20%]
tests/test_sub_agent.py::TestInputValidation::test_none_in_sub_goals_returns_invalid_input PASSED [ 26%]
tests/test_sub_agent.py::TestSingleSub::test_single_sub_returns_ok_result PASSED [ 33%]
tests/test_sub_agent.py::TestParallelSuccess::test_four_parallel_subs_all_succeed PASSED [ 40%]
tests/test_sub_agent.py::TestPartialFailure::test_one_of_four_subs_fails PASSED [ 46%]
tests/test_sub_agent.py::TestBudgetPreflight::test_budget_preflight_blocks_oversized_fanout PASSED [ 53%]
tests/test_sub_agent.py::TestRecursionBlocking::test_recursion_blocked_by_default_denylist PASSED [ 60%]
tests/test_sub_agent.py::TestRecursionBlocking::test_recursion_permitted_with_override_capped_by_depth PASSED [ 66%]
tests/test_sub_agent.py::TestAllowlistDenylist::test_allowlist_enforced_forbidden_tool_returns_not_allowed PASSED [ 73%]
tests/test_sub_agent.py::TestTimeout::test_timeout_per_sub_kills_and_records_wallclock PASSED [ 80%]
tests/test_sub_agent.py::TestArtifacts::test_artifacts_tagged_with_sub_agent_id PASSED [ 86%]
tests/test_sub_agent.py::TestArtifacts::test_dedup_across_subs PASSED    [ 93%]
tests/test_sub_agent.py::TestParentTrace::test_parent_trace_shows_aggregate_output PASSED [100%]

============================== 15 passed in 0.78s ==============================
