============================= test session starts ==============================
platform linux -- Python 3.14.4, pytest-9.0.2, pluggy-1.6.0 -- /usr/bin/python
cachedir: .pytest_cache
rootdir: /home/josh/workspace/rasputin-omnitool-skill
configfile: pyproject.toml
plugins: anyio-4.12.1, cov-7.1.0, asyncio-1.3.0
asyncio: mode=Mode.STRICT, debug=False, asyncio_default_fixture_loop_scope=None, asyncio_default_test_loop_scope=function
collecting ... collected 16 items

tests/test_sub_agent.py::TestInputValidation::test_empty_sub_goals_returns_invalid_input PASSED [  6%]
tests/test_sub_agent.py::TestInputValidation::test_non_list_sub_goals_returns_invalid_input PASSED [ 12%]
tests/test_sub_agent.py::TestInputValidation::test_empty_string_in_sub_goals_returns_invalid_input PASSED [ 18%]
tests/test_sub_agent.py::TestInputValidation::test_none_in_sub_goals_returns_invalid_input PASSED [ 25%]
tests/test_sub_agent.py::TestSingleSub::test_single_sub_returns_ok_result PASSED [ 31%]
tests/test_sub_agent.py::TestParallelSuccess::test_four_parallel_subs_all_succeed PASSED [ 37%]
tests/test_sub_agent.py::TestParallelSuccess::test_parallel_timing_is_max_not_sum PASSED [ 43%]
tests/test_sub_agent.py::TestPartialFailure::test_one_of_four_subs_fails PASSED [ 50%]
tests/test_sub_agent.py::TestBudgetPreflight::test_budget_preflight_blocks_oversized_fanout PASSED [ 56%]
tests/test_sub_agent.py::TestRecursionBlocking::test_recursion_blocked_by_default_denylist PASSED [ 62%]
tests/test_sub_agent.py::TestRecursionBlocking::test_recursion_permitted_with_override_capped_by_depth PASSED [ 68%]
tests/test_sub_agent.py::TestAllowlistDenylist::test_allowlist_enforced_forbidden_tool_returns_not_allowed PASSED [ 75%]
tests/test_sub_agent.py::TestTimeout::test_timeout_per_sub_kills_and_records_wallclock PASSED [ 81%]
tests/test_sub_agent.py::TestArtifacts::test_artifacts_tagged_with_sub_agent_id PASSED [ 87%]
tests/test_sub_agent.py::TestArtifacts::test_dedup_across_subs PASSED    [ 93%]
tests/test_sub_agent.py::TestParentTrace::test_parent_trace_shows_aggregate_output PASSED [100%]

============================== 16 passed in 1.11s ==============================
