============================= test session starts ==============================
platform linux -- Python 3.14.4, pytest-9.0.2, pluggy-1.6.0 -- /usr/bin/python
cachedir: .pytest_cache
rootdir: /home/josh/workspace/rasputin-omnitool-skill
configfile: pyproject.toml
testpaths: tests
plugins: anyio-4.12.1, cov-7.1.0, asyncio-1.3.0
asyncio: mode=Mode.STRICT, debug=False, asyncio_default_fixture_loop_scope=None, asyncio_default_test_loop_scope=function
collecting ... collected 161 items

tests/test_backend_probing.py::test_tool_with_healthy_backend_stays_available PASSED [  0%]
tests/test_backend_probing.py::test_required_backend_down_marks_unavailable PASSED [  1%]
tests/test_backend_probing.py::test_optional_backend_down_keeps_available PASSED [  1%]
tests/test_backend_probing.py::test_tool_with_no_backends_stays_available PASSED [  2%]
tests/test_backend_probing.py::test_multiple_backends_all_required PASSED [  3%]
tests/test_browser.py::test_invalid_action_returns_error PASSED          [  3%]
tests/test_browser.py::test_navigate_requires_url PASSED                 [  4%]
tests/test_browser.py::test_navigate_example_com PASSED                  [  4%]
tests/test_browser.py::test_screenshot_returns_path PASSED               [  5%]
tests/test_browser.py::test_fill_form_requires_selector PASSED           [  6%]
tests/test_browser.py::test_click_requires_selector PASSED               [  6%]
tests/test_capability_tools.py::TestWebSearch::test_missing_query_returns_error PASSED [  7%]
tests/test_capability_tools.py::TestWebSearch::test_searxng_unreachable_returns_error PASSED [  8%]
tests/test_capability_tools.py::TestWebSearch::test_search_returns_results PASSED [  8%]
tests/test_capability_tools.py::TestSlides::test_missing_markdown_returns_error PASSED [  9%]
tests/test_capability_tools.py::TestSlides::test_invalid_format_returns_error PASSED [  9%]
tests/test_capability_tools.py::TestSlides::test_marp_not_installed_returns_error PASSED [ 10%]
tests/test_capability_tools.py::TestMail::test_invalid_operation_returns_error PASSED [ 11%]
tests/test_capability_tools.py::TestMail::test_himalaya_not_installed_returns_error PASSED [ 11%]
tests/test_capability_tools.py::TestCodingAgent::test_missing_task_returns_error PASSED [ 12%]
tests/test_capability_tools.py::TestCodingAgent::test_aider_not_installed_returns_error PASSED [ 13%]
tests/test_catalog.py::test_no_filter_returns_all PASSED                 [ 13%]
tests/test_catalog.py::test_filter_by_capability PASSED                  [ 14%]
tests/test_catalog.py::test_invalid_capability_returns_error PASSED      [ 14%]
tests/test_catalog.py::test_filter_by_license PASSED                     [ 15%]
tests/test_catalog.py::test_empty_match_returns_no_match_error PASSED    [ 16%]
tests/test_cost_ceiling_integration.py::test_low_ceiling_halts_goal_cleanly PASSED [ 16%]
tests/test_cost_telemetry.py::test_opus_cost_calculation PASSED          [ 17%]
tests/test_cost_telemetry.py::test_local_27b_cost_is_zero PASSED         [ 18%]
tests/test_cost_telemetry.py::test_unknown_model_cost_is_zero PASSED     [ 18%]
tests/test_cost_telemetry.py::test_cost_accumulates_across_calls PASSED  [ 19%]
tests/test_cost_telemetry.py::test_ceiling_enforced PASSED               [ 19%]
tests/test_cost_telemetry.py::test_extract_usage_anthropic_shape PASSED  [ 20%]
tests/test_cost_telemetry.py::test_extract_usage_openai_shape PASSED     [ 21%]
tests/test_cost_telemetry.py::test_extract_usage_dict_shape PASSED       [ 21%]
tests/test_cost_telemetry.py::test_extract_usage_missing_returns_zero PASSED [ 22%]
tests/test_crawl4ai.py::test_rejects_file_url PASSED                     [ 22%]
tests/test_crawl4ai.py::test_rejects_ftp_url PASSED                      [ 23%]
tests/test_crawl4ai.py::test_rejects_loopback_by_default PASSED          [ 24%]
tests/test_crawl4ai.py::test_rejects_private_ip PASSED                   [ 24%]
tests/test_crawl4ai.py::test_rejects_link_local PASSED                   [ 25%]
tests/test_crawl4ai.py::test_allows_loopback_when_env_set PASSED         [ 26%]
tests/test_deliverables.py::test_minimal_md_only PASSED                  [ 26%]
tests/test_deliverables.py::test_full_set PASSED                         [ 27%]
tests/test_deliverables.py::test_invalid_format_rejected PASSED          [ 27%]
tests/test_deliverables.py::test_with_table_data PASSED                  [ 28%]
tests/test_deliverables.py::test_with_chart_spec PASSED                  [ 29%]
tests/test_deliverables.py::test_empty_sections PASSED                   [ 29%]
tests/test_docling.py::test_file_not_found_returns_error PASSED          [ 30%]
tests/test_docling.py::test_outside_allowed_path_returns_error PASSED    [ 31%]
tests/test_docling.py::test_no_path_returns_error PASSED                 [ 31%]
tests/test_docling.py::test_parses_fixture_docx SKIPPED (docling not...) [ 32%]
tests/test_docling.py::test_max_chars_truncation SKIPPED (docling no...) [ 32%]
tests/test_executor.py::test_execute_with_mocked_tools PASSED            [ 33%]
tests/test_executor.py::test_max_steps_halt PASSED                       [ 34%]
tests/test_executor.py::test_failure_rate_halt PASSED                    [ 34%]
tests/test_executor.py::test_placeholder_substitution PASSED             [ 35%]
tests/test_executor.py::test_placeholder_substitution_nested PASSED      [ 36%]
tests/test_executor.py::test_placeholder_missing_key_returns_literal PASSED [ 36%]
tests/test_executor.py::test_executor_handles_unknown_tool PASSED        [ 37%]
tests/test_extended_tools.py::TestTTS::test_empty_text_rejected PASSED   [ 37%]
tests/test_extended_tools.py::TestTTS::test_unknown_format_rejected PASSED [ 38%]
tests/test_extended_tools.py::TestTTS::test_model_unavailable_returns_error PASSED [ 39%]
tests/test_extended_tools.py::TestSTT::test_no_audio_path_returns_error PASSED [ 39%]
tests/test_extended_tools.py::TestSTT::test_nonexistent_file_returns_error PASSED [ 40%]
tests/test_extended_tools.py::TestImageGen::test_empty_prompt_rejected PASSED [ 40%]
tests/test_extended_tools.py::TestImageGen::test_comfy_unreachable_returns_error PASSED [ 41%]
tests/test_extended_tools.py::TestVideoGen::test_empty_prompt_rejected PASSED [ 42%]
tests/test_extended_tools.py::TestVideoGen::test_duration_clamped_to_max PASSED [ 42%]
tests/test_extended_tools.py::TestVideoGen::test_wan_unavailable_returns_error PASSED [ 43%]
tests/test_extended_tools.py::TestMusicGen::test_empty_prompt_rejected PASSED [ 44%]
tests/test_extended_tools.py::TestMusicGen::test_duration_clamped_to_max PASSED [ 44%]
tests/test_extended_tools.py::TestMusicGen::test_model_unavailable_returns_error PASSED [ 45%]
tests/test_extended_tools.py::TestMemory::test_unknown_operation_rejected PASSED [ 45%]
tests/test_extended_tools.py::TestMemory::test_store_empty_content_rejected PASSED [ 46%]
tests/test_extended_tools.py::TestMemory::test_store_no_content_rejected PASSED [ 47%]
tests/test_extended_tools.py::TestMemory::test_retrieve_no_memory_id_rejected PASSED [ 47%]
tests/test_extended_tools.py::TestMemory::test_search_empty_query_rejected PASSED [ 48%]
tests/test_extended_tools.py::TestMemory::test_store_unreachable_returns_error PASSED [ 49%]
tests/test_extended_tools.py::TestMemory::test_retrieve_unreachable_returns_error PASSED [ 49%]
tests/test_extended_tools.py::TestMemory::test_search_unreachable_returns_error PASSED [ 50%]
tests/test_extended_tools.py::TestTTSLogging::test_voxtral_failure_logs_warning PASSED [ 50%]
tests/test_extended_tools.py::TestSTTLogging::test_whisper_failure_logs_warning PASSED [ 51%]
tests/test_extended_tools.py::TestUniqueFilenames::test_deliverables_consecutive_calls_unique_paths PASSED [ 52%]
tests/test_extended_tools.py::TestUniqueFilenames::test_tts_consecutive_calls_unique_paths PASSED [ 52%]
tests/test_failure_injection.py::test_tool_failure_propagates_to_review PASSED [ 53%]
tests/test_failure_injection.py::test_planner_invalid_tool_caught_at_validation PASSED [ 54%]
tests/test_failure_injection.py::test_executor_malformed_tool_call_recovers PASSED [ 54%]
tests/test_failure_injection.py::test_review_findings_drive_replan PASSED [ 55%]
tests/test_loop_integration.py::test_run_goal_with_mocked_tools PASSED   [ 55%]
tests/test_loop_integration.py::test_run_goal_research_simple SKIPPED    [ 56%]
tests/test_open_webui_plugin.py::test_plugin_imports PASSED              [ 57%]
tests/test_open_webui_plugin.py::test_plugin_has_run_goal_method PASSED  [ 57%]
tests/test_open_webui_plugin.py::test_plugin_valves_have_max_cost_usd PASSED [ 58%]
tests/test_open_webui_plugin.py::test_format_response_handles_halted PASSED [ 59%]
tests/test_open_webui_plugin.py::test_format_response_handles_approved PASSED [ 59%]
tests/test_planner.py::test_planner_returns_valid_plan_for_research_goal PASSED [ 60%]
tests/test_planner.py::test_planner_handles_malformed_response_with_retry PASSED [ 60%]
tests/test_planner.py::test_planner_raises_on_persistent_malformation PASSED [ 61%]
tests/test_planner.py::test_planner_only_uses_tools_in_catalog PASSED    [ 62%]
tests/test_react_executor.py::test_single_tool_one_call PASSED           [ 62%]
tests/test_react_executor.py::test_two_tools_sequential PASSED           [ 63%]
tests/test_react_executor.py::test_tool_error_recovered PASSED           [ 63%]
tests/test_react_executor.py::test_dedup_triggers PASSED                 [ 64%]
tests/test_react_executor.py::test_budget_exceeded PASSED                [ 65%]
tests/test_react_executor.py::test_max_steps_exceeded PASSED             [ 65%]
tests/test_react_executor.py::test_wallclock_exceeded PASSED             [ 66%]
tests/test_react_executor.py::test_unknown_tool PASSED                   [ 67%]
tests/test_react_executor.py::test_empty_plan_hint PASSED                [ 67%]
tests/test_react_executor.py::test_plan_hint_with_bogus_tools PASSED     [ 68%]
tests/test_react_executor.py::test_observation_truncation PASSED         [ 68%]
tests/test_react_executor.py::test_context_compaction PASSED             [ 69%]
tests/test_react_executor.py::test_hash_args_deterministic PASSED        [ 70%]
tests/test_react_executor.py::test_serialize_observation_truncates PASSED [ 70%]
tests/test_react_executor.py::test_preview_truncates PASSED              [ 71%]
tests/test_react_executor.py::test_estimate_tokens_basic PASSED          [ 72%]
tests/test_react_executor.py::test_format_user_message_includes_tools PASSED [ 72%]
tests/test_react_executor.py::test_plan_to_dict PASSED                   [ 73%]
tests/test_react_executor.py::test_no_tools_available_halts PASSED       [ 73%]
tests/test_react_executor.py::test_model_error_halts PASSED              [ 74%]
tests/test_react_executor_e2e.py::test_react_canary_crawl_example SKIPPED [ 75%]
tests/test_react_executor_e2e.py::test_react_adapts_to_bogus_plan SKIPPED [ 75%]
tests/test_real_e2e_phase1.py::test_planner_produces_valid_plan_with_real_metadata SKIPPED [ 76%]
tests/test_reviewer.py::test_review_approve_on_clean_trace PASSED        [ 77%]
tests/test_reviewer.py::test_review_revise_with_findings PASSED          [ 77%]
tests/test_reviewer.py::test_review_abort_on_severe_trace PASSED         [ 78%]
tests/test_reviewer.py::test_review_handles_malformed_opus_response PASSED [ 78%]
tests/test_sandbox.py::test_invalid_operation_returns_error PASSED       [ 79%]
tests/test_sandbox.py::test_sandbox_unreachable_returns_error PASSED     [ 80%]
tests/test_sandbox.py::test_code_execute_returns_result PASSED           [ 80%]
tests/test_sandbox.py::test_jupyter_kernels_returns_result PASSED        [ 81%]
tests/test_sandbox.py::test_code_execute_5xx_returns_sandbox_unreachable PASSED [ 81%]
tests/test_sandbox.py::test_file_upload_outside_allowed_path PASSED      [ 82%]
tests/test_sandbox.py::test_file_download_returns_result PASSED          [ 83%]
tests/test_sandbox.py::test_timeout_returns_error PASSED                 [ 83%]
tests/test_sandbox_sessions.py::test_create_produces_ulid_and_writes_session_json PASSED [ 84%]
tests/test_sandbox_sessions.py::test_attach_succeeds_for_live_session PASSED [ 85%]
tests/test_sandbox_sessions.py::test_attach_fails_for_unknown_id PASSED  [ 85%]
tests/test_sandbox_sessions.py::test_attach_fails_session_dead_when_container_gone PASSED [ 86%]
tests/test_sandbox_sessions.py::test_two_code_execute_calls_share_filesystem_state PASSED [ 86%]
tests/test_sandbox_sessions.py::test_filesystem_isolation_across_sessions PASSED [ 87%]
tests/test_sandbox_sessions.py::test_ttl_eviction PASSED                 [ 88%]
tests/test_sandbox_sessions.py::test_lru_eviction PASSED                 [ 88%]
tests/test_sandbox_sessions.py::test_explicit_evict_removes_session PASSED [ 89%]
tests/test_sandbox_sessions.py::test_list_alive_only_excludes_evicted PASSED [ 90%]
tests/test_sandbox_sessions.py::test_react_integration_two_sandbox_calls PASSED [ 90%]
tests/test_sandbox_sessions.py::test_ulid_format PASSED                  [ 91%]
tests/test_sandbox_sessions.py::test_is_alive_returns_false_for_unknown PASSED [ 91%]
tests/test_sandbox_sessions.py::test_schema_version_mismatch_raises PASSED [ 92%]
tests/test_tool_registry.py::test_all_existing_tools_discoverable PASSED [ 93%]
tests/test_tool_registry.py::test_each_discovered_tool_has_callable_run PASSED [ 93%]
tests/test_tool_registry.py::test_discovered_tools_have_valid_manifests PASSED [ 94%]
tests/test_tool_registry.py::test_load_tools_returns_callable_dict PASSED [ 95%]
tests/test_tool_registry.py::test_load_tool_definitions_returns_definitions PASSED [ 95%]
tests/test_tool_registry.py::test_load_tool_metadata_returns_non_empty_when_tools_exist PASSED [ 96%]
tests/test_tool_registry.py::test_load_tool_metadata_ttl_cache_reuses_then_reprobes PASSED [ 96%]
tests/test_tool_registry.py::test_load_tool_metadata_include_unavailable_returns_broken_tools PASSED [ 97%]
tests/test_tool_registry.py::test_invalid_manifest_marked_invalid_not_crashed PASSED [ 98%]
tests/test_tool_registry.py::test_missing_index_py_marked_invalid PASSED [ 98%]
tests/test_tool_registry.py::test_name_mismatch_marked_invalid PASSED    [ 99%]
tests/test_tool_registry.py::test_skill_manifest_in_sync PASSED          [100%]

======================== 155 passed, 6 skipped in 3.85s ========================
